<?xml version="1.0" encoding="UTF-8"?>
<!-- Generated by org.testng.reporters.JUnitXMLReporter -->
<testsuite hostname="DESKTOP-O9RJ2K6" ignored="0" name="Surefire test" tests="2" failures="0" timestamp="2021-04-13T17:25:24 EDT" time="13.375" errors="0">
  <testcase name="runScenario" time="6.224" classname="io.cucumber.testng.AbstractTestNGCucumberTests"/>
  <testcase name="runScenario" time="6.742" classname="io.cucumber.testng.AbstractTestNGCucumberTests"/>
</testsuite> <!-- Surefire test -->
