<?xml version="1.0" encoding="UTF-8"?>
<testsuite xmlns:xsi="http://www.w3.org/2001/XMLSchema-instance" xsi:noNamespaceSchemaLocation="https://maven.apache.org/surefire/maven-surefire-plugin/xsd/surefire-test-report-3.0.xsd" version="3.0" name="TestSuite" time="14.477" tests="2" errors="0" skipped="0" failures="0">
  <properties>
[...]
</properties>
  <testcase name="runScenario[&quot;Sign up&quot;, &quot;Optional[Signup]&quot;](1)" classname="TestRunner" time="7.588">
    <system-out><![CDATA[
@regression @smoke @signup
Scenario: Sign up                                  &amp#27;[90m# src/test/java/feature/signup/signup.feature:4&amp#27;[0m
Sign In
  &amp#27;[32mGiven &amp#27;[0m&amp#27;[32mI am at talentTEK Home Page&amp#27;[0m                &amp#27;[90m# stepdef.Login_steps.iAmAtTalentTEKHomePage()&amp#27;[0m
  &amp#27;[32mAnd &amp#27;[0m&amp#27;[32mI click on Create New Account button&amp#27;[0m         &amp#27;[90m# stepdef.Login_steps.iClickOnCreateNewAccountButton()&amp#27;[0m
Student FirstName===Anibal
Student LastName===Stiedemann
Student Email Address===markus.kuhlman@hotmail.com
  &amp#27;[32mAnd &amp#27;[0m&amp#27;[32mI filled out the form with valid information&amp#27;[0m &amp#27;[90m# stepdef.Signup_steps.iFilledOutTheFormWithValidInformation()&amp#27;[0m
  &amp#27;[32mAnd &amp#27;[0m&amp#27;[32mI clicked on agree checkbox&amp#27;[0m                  &amp#27;[90m# stepdef.Signup_steps.iClickedOnAgreeCheckbox()&amp#27;[0m
  &amp#27;[32mWhen &amp#27;[0m&amp#27;[32mI click Create My Account button&amp#27;[0m            &amp#27;[90m# stepdef.Signup_steps.iClickCreateMyAccountButton()&amp#27;[0m
Actual message ===Thank you for sign up
  &amp#27;[32mThen &amp#27;[0m&amp#27;[32mI will verify Thank you message&amp#27;[0m             &amp#27;[90m# stepdef.Signup_steps.iWillVerifyThankYouMessage()&amp#27;[0m
]]></system-out>
    <system-err><![CDATA[SLF4J: Failed to load class "org.slf4j.impl.StaticLoggerBinder".
SLF4J: Defaulting to no-operation (NOP) logger implementation
SLF4J: See http://www.slf4j.org/codes.html#StaticLoggerBinder for further details.
Starting ChromeDriver 89.0.4389.23 (61b08ee2c50024bab004e48d2b1b083cdbdac579-refs/branch-heads/4389@{#294}) on port 31889
Only local connections are allowed.
Please see https://chromedriver.chromium.org/security-considerations for suggestions on keeping ChromeDriver safe.
ChromeDriver was started successfully.
Apr 15, 2021 11:53:25 PM org.openqa.selenium.remote.ProtocolHandshake createSession
INFO: Detected dialect: W3C
]]></system-err>
  </testcase>
  <testcase name="runScenario[&quot;Sign up and then sign back in with studentId&quot;, &quot;Optional[Signup]&quot;](2)" classname="TestRunner" time="6.124">
    <system-out><![CDATA[
@regression @smoke @signup
Scenario: Sign up and then sign back in with studentId &amp#27;[90m# src/test/java/feature/signup/signup.feature:14&amp#27;[0m
Sign In
  &amp#27;[32mGiven &amp#27;[0m&amp#27;[32mI am at talentTEK Home Page&amp#27;[0m                    &amp#27;[90m# stepdef.Login_steps.iAmAtTalentTEKHomePage()&amp#27;[0m
  &amp#27;[32mAnd &amp#27;[0m&amp#27;[32mI click on Create New Account button&amp#27;[0m             &amp#27;[90m# stepdef.Login_steps.iClickOnCreateNewAccountButton()&amp#27;[0m
Student FirstName===Jacquiline
Student LastName===Kreiger
Student Email Address===etha.rath@gmail.com
  &amp#27;[32mAnd &amp#27;[0m&amp#27;[32mI filled out the form with valid information&amp#27;[0m     &amp#27;[90m# stepdef.Signup_steps.iFilledOutTheFormWithValidInformation()&amp#27;[0m
  &amp#27;[32mAnd &amp#27;[0m&amp#27;[32mI clicked on agree checkbox&amp#27;[0m                      &amp#27;[90m# stepdef.Signup_steps.iClickedOnAgreeCheckbox()&amp#27;[0m
  &amp#27;[32mAnd &amp#27;[0m&amp#27;[32mI click Create My Account button&amp#27;[0m                 &amp#27;[90m# stepdef.Signup_steps.iClickCreateMyAccountButton()&amp#27;[0m
  &amp#27;[32mAnd &amp#27;[0m&amp#27;[32mI will store the dynamic studentId&amp#27;[0m               &amp#27;[90m# stepdef.Signup_steps.iWillStoreTheDynamicStudentId()&amp#27;[0m
  &amp#27;[32mAnd &amp#27;[0m&amp#27;[32mI click on Login Link&amp#27;[0m                            &amp#27;[90m# stepdef.Signup_steps.iClickOnLoginLink()&amp#27;[0m
  &amp#27;[32mAnd &amp#27;[0m&amp#27;[32mI login with newly created studentId Info&amp#27;[0m        &amp#27;[90m# stepdef.Login_steps.iLoginWithNewlyCreatedStudentIdInfo()&amp#27;[0m
  &amp#27;[32mWhen &amp#27;[0m&amp#27;[32mI click on Log In button&amp#27;[0m                        &amp#27;[90m# stepdef.Login_steps.iClickOnLogInButton()&amp#27;[0m
  &amp#27;[32mThen &amp#27;[0m&amp#27;[32mI will verify my profile info&amp#27;[0m                   &amp#27;[90m# stepdef.Profile_steps.iWillVerifyMyProfileInfo()&amp#27;[0m
]]></system-out>
    <system-err><![CDATA[Starting ChromeDriver 89.0.4389.23 (61b08ee2c50024bab004e48d2b1b083cdbdac579-refs/branch-heads/4389@{#294}) on port 16325
Only local connections are allowed.
Please see https://chromedriver.chromium.org/security-considerations for suggestions on keeping ChromeDriver safe.
ChromeDriver was started successfully.
Apr 15, 2021 11:53:31 PM org.openqa.selenium.remote.ProtocolHandshake createSession
INFO: Detected dialect: W3C
]]></system-err>
  </testcase>
</testsuite>